Determining if the include file pthread.h exists passed with the following output:
Change Dir: /home/francesco/Desktop/yocto-gl-master/bin/CMakeFiles/CMakeTmp

Run Build Command:"/usr/bin/make" "cmTC_d63d2/fast"
/usr/bin/make -f CMakeFiles/cmTC_d63d2.dir/build.make CMakeFiles/cmTC_d63d2.dir/build
make[1]: Entering directory '/home/francesco/Desktop/yocto-gl-master/bin/CMakeFiles/CMakeTmp'
Building C object CMakeFiles/cmTC_d63d2.dir/CheckIncludeFile.c.o
/usr/bin/cc     -o CMakeFiles/cmTC_d63d2.dir/CheckIncludeFile.c.o   -c /home/francesco/Desktop/yocto-gl-master/bin/CMakeFiles/CMakeTmp/CheckIncludeFile.c
Linking C executable cmTC_d63d2
/usr/bin/cmake -E cmake_link_script CMakeFiles/cmTC_d63d2.dir/link.txt --verbose=1
/usr/bin/cc       CMakeFiles/cmTC_d63d2.dir/CheckIncludeFile.c.o  -o cmTC_d63d2 
make[1]: Leaving directory '/home/francesco/Desktop/yocto-gl-master/bin/CMakeFiles/CMakeTmp'


Determining if the function pthread_create exists in the pthread passed with the following output:
Change Dir: /home/francesco/Desktop/yocto-gl-master/bin/CMakeFiles/CMakeTmp

Run Build Command:"/usr/bin/make" "cmTC_1506c/fast"
/usr/bin/make -f CMakeFiles/cmTC_1506c.dir/build.make CMakeFiles/cmTC_1506c.dir/build
make[1]: Entering directory '/home/francesco/Desktop/yocto-gl-master/bin/CMakeFiles/CMakeTmp'
Building C object CMakeFiles/cmTC_1506c.dir/CheckFunctionExists.c.o
/usr/bin/cc    -DCHECK_FUNCTION_EXISTS=pthread_create   -o CMakeFiles/cmTC_1506c.dir/CheckFunctionExists.c.o   -c /usr/share/cmake-3.5/Modules/CheckFunctionExists.c
Linking C executable cmTC_1506c
/usr/bin/cmake -E cmake_link_script CMakeFiles/cmTC_1506c.dir/link.txt --verbose=1
/usr/bin/cc   -DCHECK_FUNCTION_EXISTS=pthread_create    CMakeFiles/cmTC_1506c.dir/CheckFunctionExists.c.o  -o cmTC_1506c -lpthread 
make[1]: Leaving directory '/home/francesco/Desktop/yocto-gl-master/bin/CMakeFiles/CMakeTmp'


Determining if the include file pthread.h exists passed with the following output:
Change Dir: /home/francesco/Desktop/yocto-gl-master/bin/CMakeFiles/CMakeTmp

Run Build Command:"/usr/bin/make" "cmTC_63d3d/fast"
/usr/bin/make -f CMakeFiles/cmTC_63d3d.dir/build.make CMakeFiles/cmTC_63d3d.dir/build
make[1]: Entering directory '/home/francesco/Desktop/yocto-gl-master/bin/CMakeFiles/CMakeTmp'
Building C object CMakeFiles/cmTC_63d3d.dir/CheckIncludeFile.c.o
/usr/bin/cc    -o CMakeFiles/cmTC_63d3d.dir/CheckIncludeFile.c.o   -c /home/francesco/Desktop/yocto-gl-master/bin/CMakeFiles/CMakeTmp/CheckIncludeFile.c
Linking C executable cmTC_63d3d
/home/francesco/clion-2017.2.3/bin/cmake/bin/cmake -E cmake_link_script CMakeFiles/cmTC_63d3d.dir/link.txt --verbose=1
/usr/bin/cc      CMakeFiles/cmTC_63d3d.dir/CheckIncludeFile.c.o  -o cmTC_63d3d 
make[1]: Leaving directory '/home/francesco/Desktop/yocto-gl-master/bin/CMakeFiles/CMakeTmp'


Determining if the function pthread_create exists in the pthread passed with the following output:
Change Dir: /home/francesco/Desktop/yocto-gl-master/bin/CMakeFiles/CMakeTmp

Run Build Command:"/usr/bin/make" "cmTC_74c58/fast"
/usr/bin/make -f CMakeFiles/cmTC_74c58.dir/build.make CMakeFiles/cmTC_74c58.dir/build
make[1]: Entering directory '/home/francesco/Desktop/yocto-gl-master/bin/CMakeFiles/CMakeTmp'
Building C object CMakeFiles/cmTC_74c58.dir/CheckFunctionExists.c.o
/usr/bin/cc   -DCHECK_FUNCTION_EXISTS=pthread_create   -o CMakeFiles/cmTC_74c58.dir/CheckFunctionExists.c.o   -c /home/francesco/clion-2017.2.3/bin/cmake/share/cmake-3.8/Modules/CheckFunctionExists.c
Linking C executable cmTC_74c58
/home/francesco/clion-2017.2.3/bin/cmake/bin/cmake -E cmake_link_script CMakeFiles/cmTC_74c58.dir/link.txt --verbose=1
/usr/bin/cc  -DCHECK_FUNCTION_EXISTS=pthread_create    CMakeFiles/cmTC_74c58.dir/CheckFunctionExists.c.o  -o cmTC_74c58 -lpthread 
make[1]: Leaving directory '/home/francesco/Desktop/yocto-gl-master/bin/CMakeFiles/CMakeTmp'


Determining if the include file pthread.h exists passed with the following output:
Change Dir: /home/francesco/yocto-gl/bin/CMakeFiles/CMakeTmp

Run Build Command:"/usr/bin/make" "cmTC_17dc0/fast"
/usr/bin/make -f CMakeFiles/cmTC_17dc0.dir/build.make CMakeFiles/cmTC_17dc0.dir/build
make[1]: Entering directory '/home/francesco/yocto-gl/bin/CMakeFiles/CMakeTmp'
Building C object CMakeFiles/cmTC_17dc0.dir/CheckIncludeFile.c.o
/usr/bin/cc     -o CMakeFiles/cmTC_17dc0.dir/CheckIncludeFile.c.o   -c /home/francesco/yocto-gl/bin/CMakeFiles/CMakeTmp/CheckIncludeFile.c
Linking C executable cmTC_17dc0
/usr/bin/cmake -E cmake_link_script CMakeFiles/cmTC_17dc0.dir/link.txt --verbose=1
/usr/bin/cc       CMakeFiles/cmTC_17dc0.dir/CheckIncludeFile.c.o  -o cmTC_17dc0 
make[1]: Leaving directory '/home/francesco/yocto-gl/bin/CMakeFiles/CMakeTmp'


Determining if the function pthread_create exists in the pthread passed with the following output:
Change Dir: /home/francesco/yocto-gl/bin/CMakeFiles/CMakeTmp

Run Build Command:"/usr/bin/make" "cmTC_c46b0/fast"
/usr/bin/make -f CMakeFiles/cmTC_c46b0.dir/build.make CMakeFiles/cmTC_c46b0.dir/build
make[1]: Entering directory '/home/francesco/yocto-gl/bin/CMakeFiles/CMakeTmp'
Building C object CMakeFiles/cmTC_c46b0.dir/CheckFunctionExists.c.o
/usr/bin/cc    -DCHECK_FUNCTION_EXISTS=pthread_create   -o CMakeFiles/cmTC_c46b0.dir/CheckFunctionExists.c.o   -c /usr/share/cmake-3.5/Modules/CheckFunctionExists.c
Linking C executable cmTC_c46b0
/usr/bin/cmake -E cmake_link_script CMakeFiles/cmTC_c46b0.dir/link.txt --verbose=1
/usr/bin/cc   -DCHECK_FUNCTION_EXISTS=pthread_create    CMakeFiles/cmTC_c46b0.dir/CheckFunctionExists.c.o  -o cmTC_c46b0 -lpthread 
make[1]: Leaving directory '/home/francesco/yocto-gl/bin/CMakeFiles/CMakeTmp'


Determining if the include file pthread.h exists passed with the following output:
Change Dir: /home/francesco/yocto-gl/bin/CMakeFiles/CMakeTmp

Run Build Command:"/usr/bin/make" "cmTC_1f350/fast"
/usr/bin/make -f CMakeFiles/cmTC_1f350.dir/build.make CMakeFiles/cmTC_1f350.dir/build
make[1]: Entering directory '/home/francesco/yocto-gl/bin/CMakeFiles/CMakeTmp'
Building C object CMakeFiles/cmTC_1f350.dir/CheckIncludeFile.c.o
/usr/bin/cc    -o CMakeFiles/cmTC_1f350.dir/CheckIncludeFile.c.o   -c /home/francesco/yocto-gl/bin/CMakeFiles/CMakeTmp/CheckIncludeFile.c
Linking C executable cmTC_1f350
/home/francesco/clion-2017.2.3/bin/cmake/bin/cmake -E cmake_link_script CMakeFiles/cmTC_1f350.dir/link.txt --verbose=1
/usr/bin/cc      CMakeFiles/cmTC_1f350.dir/CheckIncludeFile.c.o  -o cmTC_1f350 
make[1]: Leaving directory '/home/francesco/yocto-gl/bin/CMakeFiles/CMakeTmp'


Determining if the function pthread_create exists in the pthread passed with the following output:
Change Dir: /home/francesco/yocto-gl/bin/CMakeFiles/CMakeTmp

Run Build Command:"/usr/bin/make" "cmTC_0dfd0/fast"
/usr/bin/make -f CMakeFiles/cmTC_0dfd0.dir/build.make CMakeFiles/cmTC_0dfd0.dir/build
make[1]: Entering directory '/home/francesco/yocto-gl/bin/CMakeFiles/CMakeTmp'
Building C object CMakeFiles/cmTC_0dfd0.dir/CheckFunctionExists.c.o
/usr/bin/cc   -DCHECK_FUNCTION_EXISTS=pthread_create   -o CMakeFiles/cmTC_0dfd0.dir/CheckFunctionExists.c.o   -c /home/francesco/clion-2017.2.3/bin/cmake/share/cmake-3.8/Modules/CheckFunctionExists.c
Linking C executable cmTC_0dfd0
/home/francesco/clion-2017.2.3/bin/cmake/bin/cmake -E cmake_link_script CMakeFiles/cmTC_0dfd0.dir/link.txt --verbose=1
/usr/bin/cc  -DCHECK_FUNCTION_EXISTS=pthread_create    CMakeFiles/cmTC_0dfd0.dir/CheckFunctionExists.c.o  -o cmTC_0dfd0 -lpthread 
make[1]: Leaving directory '/home/francesco/yocto-gl/bin/CMakeFiles/CMakeTmp'


Determining if the include file pthread.h exists passed with the following output:
Change Dir: /home/francesco/Disney_BRDF/bin/CMakeFiles/CMakeTmp

Run Build Command:"/usr/bin/make" "cmTC_0a6cc/fast"
/usr/bin/make -f CMakeFiles/cmTC_0a6cc.dir/build.make CMakeFiles/cmTC_0a6cc.dir/build
make[1]: Entering directory '/home/francesco/Disney_BRDF/bin/CMakeFiles/CMakeTmp'
Building C object CMakeFiles/cmTC_0a6cc.dir/CheckIncludeFile.c.o
/usr/bin/cc    -o CMakeFiles/cmTC_0a6cc.dir/CheckIncludeFile.c.o   -c /home/francesco/Disney_BRDF/bin/CMakeFiles/CMakeTmp/CheckIncludeFile.c
Linking C executable cmTC_0a6cc
/home/francesco/clion-2017.2.3/bin/cmake/bin/cmake -E cmake_link_script CMakeFiles/cmTC_0a6cc.dir/link.txt --verbose=1
/usr/bin/cc      CMakeFiles/cmTC_0a6cc.dir/CheckIncludeFile.c.o  -o cmTC_0a6cc 
make[1]: Leaving directory '/home/francesco/Disney_BRDF/bin/CMakeFiles/CMakeTmp'


Determining if the function pthread_create exists in the pthread passed with the following output:
Change Dir: /home/francesco/Disney_BRDF/bin/CMakeFiles/CMakeTmp

Run Build Command:"/usr/bin/make" "cmTC_bfd7b/fast"
/usr/bin/make -f CMakeFiles/cmTC_bfd7b.dir/build.make CMakeFiles/cmTC_bfd7b.dir/build
make[1]: Entering directory '/home/francesco/Disney_BRDF/bin/CMakeFiles/CMakeTmp'
Building C object CMakeFiles/cmTC_bfd7b.dir/CheckFunctionExists.c.o
/usr/bin/cc   -DCHECK_FUNCTION_EXISTS=pthread_create   -o CMakeFiles/cmTC_bfd7b.dir/CheckFunctionExists.c.o   -c /home/francesco/clion-2017.2.3/bin/cmake/share/cmake-3.8/Modules/CheckFunctionExists.c
Linking C executable cmTC_bfd7b
/home/francesco/clion-2017.2.3/bin/cmake/bin/cmake -E cmake_link_script CMakeFiles/cmTC_bfd7b.dir/link.txt --verbose=1
/usr/bin/cc  -DCHECK_FUNCTION_EXISTS=pthread_create    CMakeFiles/cmTC_bfd7b.dir/CheckFunctionExists.c.o  -o cmTC_bfd7b -lpthread 
make[1]: Leaving directory '/home/francesco/Disney_BRDF/bin/CMakeFiles/CMakeTmp'


